Arguments: 
  C:\Program Files\nodejs\node.exe C:\Users\hsungjung\AppData\Roaming\npm\node_modules\yarn\bin\yarn.js add react-icons styled-components

PATH: 
  C:\Program Files\WindowsApps\Microsoft.PowerShell_7.2.1.0_x64__8wekyb3d8bbwe;C:\Windows\system32;C:\Windows;C:\Windows\System32\Wbem;C:\Windows\System32\WindowsPowerShell\v1.0\;C:\Windows\System32\OpenSSH\;C:\ProgramData\chocolatey\bin;C:\Program Files\OpenJDK\openjdk-8u312-b07\bin;C:\Program Files\Redis\;C:\Program Files\Git\cmd;C:\Program Files\MySQL\MySQL Server 8.0\bin;C:\Program Files\nodejs\;C:\Program Files\MySQL\MySQL Shell 8.0\bin\;C:\Users\hsungjung\AppData\Local\Microsoft\WindowsApps;;C:\Users\hsungjung\AppData\Local\Programs\Microsoft VS Code\bin;C:\Program Files\JetBrains\IntelliJ IDEA 2021.3\bin;;C:\Program Files\JetBrains\IntelliJ IDEA Community Edition 2021.3\bin;;C:\Users\hsungjung\AppData\Roaming\npm

Yarn version: 
  1.22.17

Node version: 
  16.13.1

Platform: 
  win32 x64

Trace: 
  Error: https://registry.yarnpkg.com/date-fns/-/date-fns-2.27.0.tgz: ESOCKETTIMEDOUT
      at ClientRequest.<anonymous> (C:\Users\hsungjung\AppData\Roaming\npm\node_modules\yarn\lib\cli.js:141510:19)
      at Object.onceWrapper (node:events:509:28)
      at ClientRequest.emit (node:events:390:28)
      at TLSSocket.emitRequestTimeout (node:_http_client:763:9)
      at Object.onceWrapper (node:events:509:28)
      at TLSSocket.emit (node:events:402:35)
      at TLSSocket.Socket._onTimeout (node:net:501:8)
      at listOnTimeout (node:internal/timers:557:17)
      at processTimers (node:internal/timers:500:7)

npm manifest: 
  {
    "name": "front_logins",
    "version": "0.1.0",
    "private": true,
    "dependencies": {
      "@testing-library/jest-dom": "^4.2.4",
      "@testing-library/react": "^9.3.2",
      "@testing-library/user-event": "^7.1.2",
      "@types/jest": "^24.0.0",
      "@types/js-cookie": "^2.2.5",
      "@types/node": "^12.0.0",
      "@types/react": "^16.9.23",
      "@types/react-dom": "^16.9.5",
      "@types/react-router-dom": "^5.1.3",
      "@types/styled-components": "^5.1.1",
      "antd": "^4.0.2",
      "axios": "^0.19.2",
      "js-cookie": "^2.2.1",
      "node-sass": "^4.13.1",
      "query-string": "^6.13.1",
      "react": "^16.13.0",
      "react-dom": "^16.13.0",
      "react-login-by-naver": "^0.1.8",
      "react-router-dom": "^5.1.2",
      "react-scripts": "3.4.0",
      "styled-components": "^5.1.1",
      "typescript": "~3.7.2"
    },
    "scripts": {
      "start": "react-scripts start",
      "build": "react-scripts build",
      "test": "react-scripts test",
      "eject": "react-scripts eject"
    },
    "eslintConfig": {
      "extends": "react-app"
    },
    "browserslist": {
      "production": [
        ">0.2%",
        "not dead",
        "not op_mini all"
      ],
      "development": [
        "last 1 chrome version",
        "last 1 firefox version",
        "last 1 safari version"
      ]
    }
  }

yarn manifest: 
  No manifest

Lockfile: 
  No lockfile
